QEMU Setup Log - 03/07/2025 11:10:25

[2025-03-07 11:10:25] [INFO] Starting QEMU setup for STM32H573I-DK emulation...
[2025-03-07 11:10:25] [INFO] Checking for existing QEMU installation...
[2025-03-07 11:10:25] [INFO] qemu-system-arm not found in PATH.
[2025-03-07 11:10:25] [INFO] Checking for required dependencies...
[2025-03-07 11:10:25] [INFO] Starting QEMU installation...
[2025-03-07 11:10:25] [INFO] Cloning Antmicro QEMU repository...
[2025-03-07 11:10:26] [ERROR] Failed to clone/update repository: Git clone/pull failed with exit code 128
[2025-03-07 11:10:26] [ERROR] Error during QEMU setup: Failed to clone/update QEMU repository.
[2025-03-07 11:10:26] [ERROR] Setup failed. Please check the log file at C:\Shahern004 Github\CRUSTy-Core\tools\qemu-setup.log for details.
[2025-03-07 11:10:26] [INFO] Cleaning up temporary files...
[2025-03-07 11:10:26] [SUCCESS] Temporary files cleaned up.


================ QEMU Setup 03/07/2025 11:20:30 ================

[2025-03-07 11:20:30] [INFO] Starting QEMU setup for STM32H573I-DK emulation...
[2025-03-07 11:20:30] [INFO] Looking for QEMU installation...
[2025-03-07 11:20:30] [INFO] QEMU installation not found.
[2025-03-07 11:20:30] [INFO] QEMU is not installed.
[2025-03-07 11:20:30] [INFO] Creating manual installation guide...
[2025-03-07 11:20:30] [SUCCESS] Manual installation guide created at: C:\Shahern004 Github\CRUSTy-Core\tools\qemu-manual-install.md
[2025-03-07 11:20:30] [INFO] Manual installation guide opened in default text editor.
[2025-03-07 11:20:30] [INFO] After installing QEMU with STM32 support, run this script again with the -QemuPath parameter:
[2025-03-07 11:20:30] [INFO] .\setup-qemu.ps1 -QemuPath "C:\Path\To\QEMU"
[2025-03-07 11:20:30] [SUCCESS] QEMU setup script completed.
[2025-03-07 11:20:30] [INFO] For more information, see the documentation in Documentation/Guides/QEMU_EMULATION.md


================ QEMU Setup 03/07/2025 11:54:35 ================

[2025-03-07 11:54:35] [INFO] Starting QEMU setup for STM32H573I-DK emulation...
[2025-03-07 11:54:35] [INFO] Looking for QEMU installation...
[2025-03-07 11:54:35] [WARNING] QEMU not found at specified path: C:\zephyr-sdk-0.17.0\arm-zephyr-eabi
[2025-03-07 11:54:35] [INFO] QEMU installation not found.
[2025-03-07 11:54:35] [INFO] QEMU is not installed.
[2025-03-07 11:54:35] [INFO] Creating manual installation guide...
[2025-03-07 11:54:35] [SUCCESS] Manual installation guide created at: C:\Shahern004 Github\CRUSTy-Core\tools\qemu-manual-install.md
[2025-03-07 11:54:35] [INFO] Manual installation guide opened in default text editor.
[2025-03-07 11:54:35] [INFO] After installing QEMU with STM32 support, run this script again with the -QemuPath parameter:
[2025-03-07 11:54:35] [INFO] .\setup-qemu.ps1 -QemuPath "C:\Path\To\QEMU"
[2025-03-07 11:54:35] [SUCCESS] QEMU setup script completed.
[2025-03-07 11:54:35] [INFO] For more information, see the documentation in Documentation/Guides/QEMU_EMULATION.md


================ QEMU Setup 03/07/2025 11:55:05 ================

[2025-03-07 11:55:05] [INFO] Starting QEMU setup for STM32H573I-DK emulation...
[2025-03-07 11:55:05] [INFO] Looking for QEMU installation...
[2025-03-07 11:55:05] [WARNING] QEMU not found at specified path: C:\zephyr-sdk-0.17.0
[2025-03-07 11:55:05] [INFO] QEMU installation not found.
[2025-03-07 11:55:05] [INFO] QEMU is not installed.
[2025-03-07 11:55:05] [INFO] Creating manual installation guide...
[2025-03-07 11:55:05] [SUCCESS] Manual installation guide created at: C:\Shahern004 Github\CRUSTy-Core\tools\qemu-manual-install.md
[2025-03-07 11:55:05] [INFO] Manual installation guide opened in default text editor.
[2025-03-07 11:55:05] [INFO] After installing QEMU with STM32 support, run this script again with the -QemuPath parameter:
[2025-03-07 11:55:05] [INFO] .\setup-qemu.ps1 -QemuPath "C:\Path\To\QEMU"
[2025-03-07 11:55:05] [SUCCESS] QEMU setup script completed.
[2025-03-07 11:55:05] [INFO] For more information, see the documentation in Documentation/Guides/QEMU_EMULATION.md


================ QEMU Setup 03/07/2025 12:48:14 ================

[2025-03-07 12:48:14] [INFO] Starting QEMU setup for STM32H573I-DK emulation...
[2025-03-07 12:48:14] [INFO] Looking for QEMU installation...
[2025-03-07 12:48:14] [INFO] QEMU installation not found.
[2025-03-07 12:48:15] [INFO] QEMU is not installed.
[2025-03-07 12:48:15] [INFO] Creating manual installation guide...
[2025-03-07 12:48:15] [SUCCESS] Manual installation guide created at: C:\Shahern004 Github\CRUSTy-Core\tools\qemu-manual-install.md
[2025-03-07 12:48:15] [INFO] Manual installation guide opened in default text editor.
[2025-03-07 12:48:15] [INFO] After installing QEMU with STM32 support, run this script again with the -QemuPath parameter:
[2025-03-07 12:48:15] [INFO] .\setup-qemu.ps1 -QemuPath "C:\Path\To\QEMU"
[2025-03-07 12:48:15] [SUCCESS] QEMU setup script completed.
[2025-03-07 12:48:15] [INFO] For more information, see the documentation in Documentation/Guides/QEMU_EMULATION.md
